<?xml version="1.0" encoding="UTF-8"?>
<!-- Generated by org.testng.reporters.JUnitReportReporter -->
<testsuite hostname="DESKTOP-01T6LE9" failures="0" tests="1" name="assiments.TestNg1" time="0.029" errors="0" timestamp="2022-09-30T15:02:37 IST" skipped="0">
  <testcase classname="assiments.TestNg1" name="method1" time="0.029"/>
  <system-out/>
</testsuite> <!-- assiments.TestNg1 -->
