<?xml version="1.0" encoding="UTF-8"?>
<!-- Generated by org.testng.reporters.JUnitReportReporter -->
<testsuite hostname="DESKTOP-01T6LE9" failures="0" tests="2" name="com.testclass.Tc01_Verify_Login_functionality" time="24.774" errors="0" timestamp="2022-10-08T12:14:27 IST" skipped="0">
  <testcase classname="com.testclass.Tc01_Verify_Login_functionality" name="verifyLoginFunctionality" time="11.619"/>
  <system-out/>
  <testcase classname="com.testclass.Tc01_Verify_Login_functionality" name="verifyLoginFunctionality" time="13.155"/>
  <system-out/>
</testsuite> <!-- com.testclass.Tc01_Verify_Login_functionality -->
