<?xml version="1.0" encoding="UTF-8"?>
<!-- Generated by org.testng.reporters.JUnitReportReporter -->
<testsuite hostname="DESKTOP-01T6LE9" failures="0" tests="2" name="com.testclass.Tc02_VerifyLogout_functionalitry" time="21.368" errors="0" timestamp="2022-10-08T12:14:27 IST" skipped="0">
  <testcase classname="com.testclass.Tc02_VerifyLogout_functionalitry" name="verifyLogoutfunctionality" time="10.792"/>
  <system-out/>
  <testcase classname="com.testclass.Tc02_VerifyLogout_functionalitry" name="verifyLogoutfunctionality" time="10.576"/>
  <system-out/>
</testsuite> <!-- com.testclass.Tc02_VerifyLogout_functionalitry -->
