<?xml version="1.0" encoding="UTF-8"?>
<!-- Generated by org.testng.reporters.JUnitReportReporter -->
<testsuite hostname="DESKTOP-01T6LE9" failures="0" tests="1" name="pom.Test_screenshotlogin" time="15.981" errors="0" timestamp="2022-09-30T15:10:16 IST" skipped="0">
  <testcase classname="pom.Test_screenshotlogin" name="verifyLoginFunctionality" time="15.981"/>
  <system-out/>
</testsuite> <!-- pom.Test_screenshotlogin -->
