<?xml version="1.0" encoding="UTF-8"?>
<!-- Generated by org.testng.reporters.JUnitReportReporter -->
<testsuite hostname="DESKTOP-01T6LE9" failures="0" tests="1" name="testng.OneproductaddtocartwithTestNG" time="15.642" errors="0" timestamp="2022-10-03T20:11:10 IST" skipped="0">
  <testcase classname="testng.OneproductaddtocartwithTestNG" name="verifyproductfunctionality" time="15.642"/>
  <system-out/>
</testsuite> <!-- testng.OneproductaddtocartwithTestNG -->
