<?xml version="1.0" encoding="UTF-8"?>
<!-- Generated by org.testng.reporters.JUnitReportReporter -->
<testsuite hostname="DESKTOP-01T6LE9" failures="0" tests="1" name="testng.TestNG1" time="0.023" errors="0" timestamp="2022-10-03T11:55:01 IST" skipped="0">
  <testcase classname="testng.TestNG1" name="method2" time="0.023"/>
  <system-out/>
</testsuite> <!-- testng.TestNG1 -->
