<?xml version="1.0" encoding="UTF-8"?>
<!-- Generated by org.testng.reporters.JUnitReportReporter -->
<testsuite hostname="DESKTOP-01T6LE9" failures="0" tests="2" name="testng.Testngpriority" time="0.013" errors="0" timestamp="2022-10-06T14:19:05 IST" skipped="0">
  <testcase classname="testng.Testngpriority" name="testB" time="0.012"/>
  <system-out/>
  <testcase classname="testng.Testngpriority" name="testA" time="0.001"/>
  <system-out/>
</testsuite> <!-- testng.Testngpriority -->
