<?xml version="1.0" encoding="UTF-8"?>
<!-- Generated by org.testng.reporters.JUnitReportReporter -->
<testsuite hostname="DESKTOP-01T6LE9" failures="0" tests="2" name="com.testclass.Tc03_Verifyoneaddtocartbuttonfunctionilty" time="17.933" errors="0" timestamp="2022-10-08T12:14:27 IST" skipped="0">
  <testcase classname="com.testclass.Tc03_Verifyoneaddtocartbuttonfunctionilty" name="verifyproductfunctionality" time="12.688"/>
  <system-out/>
  <testcase classname="com.testclass.Tc03_Verifyoneaddtocartbuttonfunctionilty" name="verifyproductfunctionality" time="5.245"/>
  <system-out/>
</testsuite> <!-- com.testclass.Tc03_Verifyoneaddtocartbuttonfunctionilty -->
