<?xml version="1.0" encoding="UTF-8"?>
<!-- Generated by org.testng.reporters.JUnitReportReporter -->
<testsuite hostname="DESKTOP-01T6LE9" failures="0" tests="1" name="com.testclass.Tcall_testclassinone" time="6.936" errors="0" timestamp="2022-10-04T20:14:55 IST" skipped="0">
  <testcase classname="com.testclass.Tcall_testclassinone" name="verifyLoginFunctionality" time="6.936"/>
  <system-out/>
</testsuite> <!-- com.testclass.Tcall_testclassinone -->
