<?xml version="1.0" encoding="UTF-8"?>
<!-- Generated by org.testng.reporters.JUnitReportReporter -->
<testsuite hostname="DESKTOP-01T6LE9" failures="0" tests="1" name="testng.LogoutFunctionalitywithTestNG" time="16.954" errors="0" timestamp="2022-10-03T13:19:26 IST" skipped="0">
  <testcase classname="testng.LogoutFunctionalitywithTestNG" name="logoutfunctionality" time="16.954"/>
  <system-out/>
</testsuite> <!-- testng.LogoutFunctionalitywithTestNG -->
