<?xml version="1.0" encoding="UTF-8"?>
<!-- Generated by org.testng.reporters.JUnitReportReporter -->
<testsuite hostname="DESKTOP-01T6LE9" failures="0" tests="1" name="testng.LoginfunctionalitywithTestNG" time="14.309" errors="0" timestamp="2022-10-03T13:09:17 IST" skipped="0">
  <testcase classname="testng.LoginfunctionalitywithTestNG" name="verifyLoginFunctionality" time="14.309"/>
  <system-out/>
</testsuite> <!-- testng.LoginfunctionalitywithTestNG -->
