<?xml version="1.0" encoding="UTF-8"?>
<!-- Generated by org.testng.reporters.JUnitReportReporter -->
<testsuite hostname="DESKTOP-01T6LE9" failures="0" tests="1" name="testng.Ajbdj" time="14.698" errors="0" timestamp="2022-10-03T13:04:51 IST" skipped="0">
  <testcase classname="testng.Ajbdj" name="verifyLoginFunctionality" time="14.698"/>
  <system-out/>
</testsuite> <!-- testng.Ajbdj -->
