<?xml version="1.0" encoding="UTF-8"?>
<!-- Generated by org.testng.reporters.JUnitReportReporter -->
<testsuite hostname="DESKTOP-01T6LE9" failures="0" tests="1" name="com.testclass.BCD" time="9.531" errors="0" timestamp="2022-10-04T12:44:45 IST" skipped="0">
  <testcase classname="com.testclass.BCD" name="verifyLoginFunctionality" time="9.531"/>
  <system-out/>
</testsuite> <!-- com.testclass.BCD -->
