<?xml version="1.0" encoding="UTF-8"?>
<!-- Generated by org.testng.reporters.JUnitReportReporter -->
<testsuite hostname="DESKTOP-01T6LE9" failures="0" tests="2" name="com.testclass.Tc04_Verifyallproductcartbutton" time="17.899" errors="0" timestamp="2022-10-08T12:14:27 IST" skipped="0">
  <testcase classname="com.testclass.Tc04_Verifyallproductcartbutton" name="verifyallproductfunctionality" time="12.196"/>
  <system-out/>
  <testcase classname="com.testclass.Tc04_Verifyallproductcartbutton" name="verifyallproductfunctionality" time="5.703"/>
  <system-out/>
</testsuite> <!-- com.testclass.Tc04_Verifyallproductcartbutton -->
